2024-08-01 14:32:15 - HV000001: Hibernate Validator 8.0.1.Final
2024-08-01 14:32:15 - Starting SwiggyCloneApplication using Java 21.0.1 with PID 33664 (C:\Users\vgiri\git\repository\newswiggy\target\classes started by vgiri in C:\Users\vgiri\git\repository\newswiggy)
2024-08-01 14:32:15 - No active profile set, falling back to 1 default profile: "default"
2024-08-01 14:32:15 - Devtools property defaults active! Set 'spring.devtools.add-properties' to 'false' to disable
2024-08-01 14:32:15 - For additional web related logging consider setting the 'logging.level.web' property to 'DEBUG'
2024-08-01 14:32:17 - Bootstrapping Spring Data JPA repositories in DEFAULT mode.
2024-08-01 14:32:17 - Finished Spring Data repository scanning in 85 ms. Found 3 JPA repository interfaces.
2024-08-01 14:32:19 - Tomcat initialized with port 5555 (http)
2024-08-01 14:32:19 - Initializing ProtocolHandler ["http-nio-5555"]
2024-08-01 14:32:19 - Starting service [Tomcat]
2024-08-01 14:32:19 - Starting Servlet engine: [Apache Tomcat/10.1.26]
2024-08-01 14:32:19 - Initializing Spring embedded WebApplicationContext
2024-08-01 14:32:19 - Root WebApplicationContext: initialization completed in 3367 ms
2024-08-01 14:32:19 - HikariPool-1 - Starting...
2024-08-01 14:32:20 - HikariPool-1 - Added connection com.mysql.cj.jdbc.ConnectionImpl@62506128
2024-08-01 14:32:20 - HikariPool-1 - Start completed.
2024-08-01 14:32:20 - HHH000204: Processing PersistenceUnitInfo [name: default]
2024-08-01 14:32:20 - HHH000412: Hibernate ORM core version 6.4.9.Final
2024-08-01 14:32:20 - HHH000026: Second-level cache disabled
2024-08-01 14:32:21 - No LoadTimeWeaver setup: ignoring JPA class transformer
2024-08-01 14:32:22 - HHH000489: No JTA platform available (set 'hibernate.transaction.jta.platform' to enable JTA platform integration)
2024-08-01 14:32:22 - Initialized JPA EntityManagerFactory for persistence unit 'default'
2024-08-01 14:32:22 - Hibernate is in classpath; If applicable, HQL parser will be used.
2024-08-01 14:32:23 - spring.jpa.open-in-view is enabled by default. Therefore, database queries may be performed during view rendering. Explicitly configure spring.jpa.open-in-view to disable this warning
2024-08-01 14:32:25 - Will secure any request with [org.springframework.security.web.session.DisableEncodeUrlFilter@6d3f0a1b, org.springframework.security.web.context.request.async.WebAsyncManagerIntegrationFilter@145c4c9d, org.springframework.security.web.context.SecurityContextHolderFilter@fbab08b, org.springframework.security.web.header.HeaderWriterFilter@690d93bd, org.springframework.security.web.authentication.logout.LogoutFilter@4544150c, com.swiggy.newswiggy.jwt.JwtAuthenticationFilter@11b97e95, org.springframework.security.web.savedrequest.RequestCacheAwareFilter@32eb48b3, org.springframework.security.web.servletapi.SecurityContextHolderAwareRequestFilter@69bbd2c4, org.springframework.security.web.authentication.AnonymousAuthenticationFilter@4191e4d7, org.springframework.security.web.session.SessionManagementFilter@3b66b187, org.springframework.security.web.access.ExceptionTranslationFilter@22c99335, org.springframework.security.web.access.intercept.AuthorizationFilter@73114160]
2024-08-01 14:32:26 - LiveReload server is running on port 35729
2024-08-01 14:32:26 - Starting ProtocolHandler ["http-nio-5555"]
2024-08-01 14:32:26 - Tomcat started on port 5555 (http) with context path ''
2024-08-01 14:32:26 - Started SwiggyCloneApplication in 11.517 seconds (process running for 12.409)
